127.0.0.1 - - [06/11/2020 11:19:55] "GET / 500 HTTP/1.1"
localhost - - [06/11/2020 11:20:51] "GET / 500 HTTP/1.1"
localhost - - [06/11/2020 11:20:51] "GET /favicon.ico 404 HTTP/1.1"
localhost - - [06/11/2020 11:22:35] "GET /img 500 HTTP/1.1"
localhost - - [06/11/2020 11:22:35] "GET /favicon.ico 404 HTTP/1.1"
localhost - - [06/11/2020 11:22:45] "GET /teu 404 HTTP/1.1"
localhost - - [06/11/2020 11:22:48] "GET /teun 500 HTTP/1.1"
localhost - - [06/11/2020 11:25:16] "GET / 500 HTTP/1.1"
localhost - - [06/11/2020 11:44:11] "GET / 200 HTTP/1.1"
localhost - - [06/11/2020 11:44:12] "GET /styles/theme.css 200 HTTP/1.1"
localhost - - [06/11/2020 11:44:59] "POST / 200 HTTP/1.1"
localhost - - [06/11/2020 11:44:59] "GET /styles/theme.css 200 HTTP/1.1"
localhost - - [06/11/2020 11:45:03] "POST / 200 HTTP/1.1"
localhost - - [06/11/2020 11:45:04] "GET /styles/theme.css 200 HTTP/1.1"
localhost - - [06/11/2020 11:45:32] "GET / 500 HTTP/1.1"
localhost - - [06/11/2020 11:51:11] "GET / 200 HTTP/1.1"
localhost - - [06/11/2020 11:51:11] "GET /styles/theme.css 200 HTTP/1.1"
localhost - - [06/11/2020 11:51:14] "POST / 200 HTTP/1.1"
localhost - - [06/11/2020 11:51:14] "GET /styles/theme.css 200 HTTP/1.1"
localhost - - [06/11/2020 11:51:16] "POST / 200 HTTP/1.1"
localhost - - [06/11/2020 11:51:16] "GET /styles/theme.css 200 HTTP/1.1"
localhost - - [06/11/2020 11:51:19] "POST / 200 HTTP/1.1"
localhost - - [06/11/2020 11:51:19] "GET /styles/theme.css 200 HTTP/1.1"
localhost - - [06/11/2020 11:51:21] "POST / 200 HTTP/1.1"
localhost - - [06/11/2020 11:51:21] "GET /styles/theme.css 200 HTTP/1.1"
localhost - - [06/11/2020 11:52:57] "GET / 200 HTTP/1.1"
localhost - - [06/11/2020 11:52:57] "GET /styles/theme.css 200 HTTP/1.1"
localhost - - [06/11/2020 11:52:59] "POST / 500 HTTP/1.1"
localhost - - [06/11/2020 11:54:05] "GET / 200 HTTP/1.1"
localhost - - [06/11/2020 11:54:06] "GET /styles/theme.css 200 HTTP/1.1"
localhost - - [06/11/2020 11:54:06] "GET /favicon.ico 404 HTTP/1.1"
localhost - - [06/11/2020 11:54:08] "POST / 500 HTTP/1.1"
localhost - - [06/11/2020 11:57:54] "GET / 200 HTTP/1.1"
localhost - - [06/11/2020 11:57:54] "GET /styles/theme.css 200 HTTP/1.1"
localhost - - [06/11/2020 11:57:58] "POST / 500 HTTP/1.1"
localhost - - [06/11/2020 11:58:07] "GET /img 500 HTTP/1.1"
localhost - - [06/11/2020 11:58:20] "GET /teun 500 HTTP/1.1"
localhost - - [06/11/2020 11:58:36] "GET /history 404 HTTP/1.1"
localhost - - [06/11/2020 11:59:52] "GET /history 200 HTTP/1.1"
localhost - - [06/11/2020 11:59:52] "GET /styles/theme.css 200 HTTP/1.1"
